{"level":"info","message":"Frontend connected: wMKJVDyM3X2Hxs2OAAAD","service":"construction-monitoring","timestamp":"2025-06-28 10:57:46"}
{"level":"info","message":"Frontend connected: pfZSbxHT9HotnXyVAAAE","service":"construction-monitoring","timestamp":"2025-06-28 10:57:46"}
{"level":"info","message":"Frontend connected: t-uSX2TXGOkaO_dhAAAF","service":"construction-monitoring","timestamp":"2025-06-28 10:57:46"}
{"level":"info","message":"Frontend wMKJVDyM3X2Hxs2OAAAD subscribed to dashboard updates","service":"construction-monitoring","timestamp":"2025-06-28 10:57:46"}
{"level":"info","message":"Frontend t-uSX2TXGOkaO_dhAAAF subscribed to helmet updates","service":"construction-monitoring","timestamp":"2025-06-28 10:57:46"}
{"level":"info","message":"Frontend connected: HVui3_vUKGfYlMRfAAAI","service":"construction-monitoring","timestamp":"2025-06-28 10:57:46"}
{"level":"info","message":"Frontend connected: l4w0jqJJfBHHhFTPAAAJ","service":"construction-monitoring","timestamp":"2025-06-28 10:57:46"}
{"level":"info","message":"Frontend HVui3_vUKGfYlMRfAAAI subscribed to helmet updates","service":"construction-monitoring","timestamp":"2025-06-28 10:57:46"}
{"level":"info","message":"Frontend l4w0jqJJfBHHhFTPAAAJ subscribed to dashboard updates","service":"construction-monitoring","timestamp":"2025-06-28 10:57:46"}
{"level":"info","message":"Frontend connected: cNQhM9-8jXnfVRmpAAAM","service":"construction-monitoring","timestamp":"2025-06-28 10:57:46"}
{"level":"info","message":"Frontend connected: Ev8Mv8YkLelLM_zcAAAN","service":"construction-monitoring","timestamp":"2025-06-28 10:57:46"}
{"level":"info","message":"Frontend Ev8Mv8YkLelLM_zcAAAN subscribed to helmet updates","service":"construction-monitoring","timestamp":"2025-06-28 10:57:46"}
{"level":"info","message":"Frontend cNQhM9-8jXnfVRmpAAAM subscribed to helmet updates","service":"construction-monitoring","timestamp":"2025-06-28 10:57:46"}
{"level":"info","message":"Frontend connected: H_sS4tFMI4iTWzwsAAAP","service":"construction-monitoring","timestamp":"2025-06-28 10:57:46"}
{"level":"info","message":"Frontend H_sS4tFMI4iTWzwsAAAP subscribed to helmet updates","service":"construction-monitoring","timestamp":"2025-06-28 10:57:46"}
{"level":"info","message":"Frontend H_sS4tFMI4iTWzwsAAAP subscribed to helmet updates","service":"construction-monitoring","timestamp":"2025-06-28 10:57:46"}
{"level":"info","message":"Frontend H_sS4tFMI4iTWzwsAAAP subscribed to helmet updates","service":"construction-monitoring","timestamp":"2025-06-28 10:57:46"}
{"level":"info","message":"Frontend H_sS4tFMI4iTWzwsAAAP subscribed to helmet updates","service":"construction-monitoring","timestamp":"2025-06-28 10:57:46"}
{"level":"info","message":"Frontend H_sS4tFMI4iTWzwsAAAP subscribed to helmet updates","service":"construction-monitoring","timestamp":"2025-06-28 10:57:46"}
{"level":"info","message":"Frontend H_sS4tFMI4iTWzwsAAAP subscribed to helmet updates","service":"construction-monitoring","timestamp":"2025-06-28 10:57:46"}
{"level":"info","message":"Frontend H_sS4tFMI4iTWzwsAAAP subscribed to helmet updates","service":"construction-monitoring","timestamp":"2025-06-28 10:57:46"}
{"level":"info","message":"Frontend H_sS4tFMI4iTWzwsAAAP subscribed to helmet updates","service":"construction-monitoring","timestamp":"2025-06-28 10:57:46"}
{"level":"info","message":"Frontend H_sS4tFMI4iTWzwsAAAP subscribed to helmet updates","service":"construction-monitoring","timestamp":"2025-06-28 10:57:46"}
{"code":"28P01","file":"auth.c","length":104,"level":"error","line":"324","message":"Failed to start server: password authentication failed for user \"postgres\"","name":"error","routine":"auth_failed","service":"construction-monitoring","severity":"FATAL","stack":"error: password authentication failed for user \"postgres\"\n    at D:\\ashu\\node_modules\\pg-pool\\index.js:45:11\n    at process.processTicksAndRejections (node:internal/process/task_queues:95:5)\n    at async Server.<anonymous> (D:\\ashu\\server.js:139:5)","timestamp":"2025-06-28 10:57:46"}
{"code":"28P01","file":"auth.c","length":104,"level":"error","line":"324","message":"Failed to start server: password authentication failed for user \"postgres\"","name":"error","routine":"auth_failed","service":"construction-monitoring","severity":"FATAL","stack":"error: password authentication failed for user \"postgres\"\n    at D:\\ashu\\node_modules\\pg-pool\\index.js:45:11\n    at process.processTicksAndRejections (node:internal/process/task_queues:95:5)\n    at async Server.<anonymous> (D:\\ashu\\server.js:139:5)","timestamp":"2025-06-28 11:01:15"}
{"code":"28P01","file":"auth.c","length":104,"level":"error","line":"324","message":"Failed to start server: password authentication failed for user \"postgres\"","name":"error","routine":"auth_failed","service":"construction-monitoring","severity":"FATAL","stack":"error: password authentication failed for user \"postgres\"\n    at D:\\ashu\\node_modules\\pg-pool\\index.js:45:11\n    at process.processTicksAndRejections (node:internal/process/task_queues:95:5)\n    at async Server.<anonymous> (D:\\ashu\\server.js:139:5)","timestamp":"2025-06-28 11:03:23"}
{"code":"28P01","file":"auth.c","length":109,"level":"error","line":"324","message":"Failed to start server: password authentication failed for user \"your_username\"","name":"error","routine":"auth_failed","service":"construction-monitoring","severity":"FATAL","stack":"error: password authentication failed for user \"your_username\"\n    at D:\\ashu\\node_modules\\pg-pool\\index.js:45:11\n    at process.processTicksAndRejections (node:internal/process/task_queues:95:5)\n    at async Server.<anonymous> (D:\\ashu\\server.js:139:5)","timestamp":"2025-06-28 11:08:14"}
{"level":"info","message":"Connected to PostgreSQL database","service":"construction-monitoring","timestamp":"2025-06-28 11:12:01"}
{"level":"info","message":"Database connected successfully","service":"construction-monitoring","timestamp":"2025-06-28 11:12:01"}
{"level":"info","message":"Backend server running on port 3000","service":"construction-monitoring","timestamp":"2025-06-28 11:12:01"}
{"level":"info","message":"Frontend expected on: http://localhost:4028","service":"construction-monitoring","timestamp":"2025-06-28 11:12:01"}
{"level":"info","message":"Environment: development","service":"construction-monitoring","timestamp":"2025-06-28 11:12:01"}
{"level":"info","message":"Frontend connected: LMhNbXf_j2Ta8VEcAAAB","service":"construction-monitoring","timestamp":"2025-06-28 11:12:08"}
{"level":"info","message":"Frontend LMhNbXf_j2Ta8VEcAAAB subscribed to helmet updates","service":"construction-monitoring","timestamp":"2025-06-28 11:12:08"}
{"level":"info","message":"Frontend LMhNbXf_j2Ta8VEcAAAB subscribed to helmet updates","service":"construction-monitoring","timestamp":"2025-06-28 11:12:08"}
{"level":"info","message":"Frontend disconnected: LMhNbXf_j2Ta8VEcAAAB","service":"construction-monitoring","timestamp":"2025-06-28 11:14:50"}
{"level":"info","message":"Frontend connected: mvDONSeAvYEQHRq8AAAD","service":"construction-monitoring","timestamp":"2025-06-28 11:15:37"}
{"level":"info","message":"Frontend mvDONSeAvYEQHRq8AAAD subscribed to helmet updates","service":"construction-monitoring","timestamp":"2025-06-28 11:15:37"}
{"level":"info","message":"Frontend mvDONSeAvYEQHRq8AAAD subscribed to helmet updates","service":"construction-monitoring","timestamp":"2025-06-28 11:15:37"}
{"level":"info","message":"Connected to PostgreSQL database","service":"construction-monitoring","timestamp":"2025-06-28 11:34:19"}
{"level":"info","message":"Database connected successfully","service":"construction-monitoring","timestamp":"2025-06-28 11:34:19"}
{"level":"info","message":"Backend server running on port 3000","service":"construction-monitoring","timestamp":"2025-06-28 11:34:19"}
{"level":"info","message":"Frontend expected on: http://localhost:4028","service":"construction-monitoring","timestamp":"2025-06-28 11:34:19"}
{"level":"info","message":"Environment: development","service":"construction-monitoring","timestamp":"2025-06-28 11:34:19"}
{"level":"info","message":"Frontend connected: ZoB6tVHdNaRd-jqYAAAB","service":"construction-monitoring","timestamp":"2025-06-28 11:34:21"}
{"level":"info","message":"Frontend ZoB6tVHdNaRd-jqYAAAB subscribed to helmet updates","service":"construction-monitoring","timestamp":"2025-06-28 11:34:21"}
{"level":"info","message":"Connected to PostgreSQL database","service":"construction-monitoring","timestamp":"2025-06-28 11:42:05"}
{"level":"info","message":"Database connected successfully","service":"construction-monitoring","timestamp":"2025-06-28 11:42:05"}
{"level":"info","message":"Backend server running on port 3000","service":"construction-monitoring","timestamp":"2025-06-28 11:42:05"}
{"level":"info","message":"Frontend expected on: http://localhost:4028","service":"construction-monitoring","timestamp":"2025-06-28 11:42:05"}
{"level":"info","message":"Environment: development","service":"construction-monitoring","timestamp":"2025-06-28 11:42:05"}
{"level":"info","message":"Frontend connected: Xa-rz88fzEt_CjhJAAAB","service":"construction-monitoring","timestamp":"2025-06-28 11:42:06"}
{"level":"info","message":"Frontend Xa-rz88fzEt_CjhJAAAB subscribed to helmet updates","service":"construction-monitoring","timestamp":"2025-06-28 11:42:06"}
{"level":"info","message":"Frontend connected: 85nsqTFxWNUa5KJZAAAB","service":"construction-monitoring","timestamp":"2025-06-28 11:42:32"}
{"level":"info","message":"Frontend 85nsqTFxWNUa5KJZAAAB subscribed to helmet updates","service":"construction-monitoring","timestamp":"2025-06-28 11:42:33"}
{"level":"info","message":"Connected to PostgreSQL database","service":"construction-monitoring","timestamp":"2025-06-28 11:42:33"}
{"level":"info","message":"Database connected successfully","service":"construction-monitoring","timestamp":"2025-06-28 11:42:33"}
{"level":"info","message":"Backend server running on port 3000","service":"construction-monitoring","timestamp":"2025-06-28 11:42:33"}
{"level":"info","message":"Frontend expected on: http://localhost:4028","service":"construction-monitoring","timestamp":"2025-06-28 11:42:33"}
{"level":"info","message":"Environment: development","service":"construction-monitoring","timestamp":"2025-06-28 11:42:33"}
{"body":"{\" helmetId\\:\\HELMET001\\,\\name\\:\\Test Helmet 1\\,\\model\\:\\Safety Pro 2024\\}","expose":true,"level":"error","message":"Unexpected token : in JSON at position 12","service":"construction-monitoring","stack":"SyntaxError: Unexpected token : in JSON at position 12\n    at JSON.parse (<anonymous>)\n    at parse (D:\\ashu\\node_modules\\body-parser\\lib\\types\\json.js:92:19)\n    at D:\\ashu\\node_modules\\body-parser\\lib\\read.js:128:18\n    at AsyncResource.runInAsyncScope (node:async_hooks:203:9)\n    at invokeCallback (D:\\ashu\\node_modules\\raw-body\\index.js:238:16)\n    at done (D:\\ashu\\node_modules\\raw-body\\index.js:227:7)\n    at IncomingMessage.onEnd (D:\\ashu\\node_modules\\raw-body\\index.js:287:7)\n    at IncomingMessage.emit (node:events:517:28)\n    at endReadableNT (node:internal/streams/readable:1400:12)\n    at process.processTicksAndRejections (node:internal/process/task_queues:82:21)","status":400,"statusCode":400,"timestamp":"2025-06-28 11:43:59","type":"entity.parse.failed"}
{"level":"error","message":"Auth middleware error: invalid signature","name":"JsonWebTokenError","service":"construction-monitoring","stack":"JsonWebTokenError: invalid signature\n    at D:\\ashu\\node_modules\\jsonwebtoken\\verify.js:171:19\n    at getSecret (D:\\ashu\\node_modules\\jsonwebtoken\\verify.js:97:14)\n    at module.exports [as verify] (D:\\ashu\\node_modules\\jsonwebtoken\\verify.js:101:10)\n    at protect (D:\\ashu\\middleware\\auth.js:21:25)\n    at Layer.handle [as handle_request] (D:\\ashu\\node_modules\\express\\lib\\router\\layer.js:95:5)\n    at next (D:\\ashu\\node_modules\\express\\lib\\router\\route.js:149:13)\n    at Route.dispatch (D:\\ashu\\node_modules\\express\\lib\\router\\route.js:119:3)\n    at Layer.handle [as handle_request] (D:\\ashu\\node_modules\\express\\lib\\router\\layer.js:95:5)\n    at D:\\ashu\\node_modules\\express\\lib\\router\\index.js:284:15\n    at Function.process_params (D:\\ashu\\node_modules\\express\\lib\\router\\index.js:346:12)","timestamp":"2025-06-28 11:45:24"}
{"level":"info","message":"::1 - - [28/Jun/2025:06:15:24 +0000] \"POST /api/helmets HTTP/1.1\" 401 63 \"-\" \"node\"","service":"construction-monitoring","timestamp":"2025-06-28 11:45:24"}
{"body":"{\" helmetId\\:\\HELMET_TEST_001\\,\\name\\:\\Test Helmet via API\\,\\model\\:\\Safety Pro 2024\\}","expose":true,"level":"error","message":"Unexpected token : in JSON at position 12","service":"construction-monitoring","stack":"SyntaxError: Unexpected token : in JSON at position 12\n    at JSON.parse (<anonymous>)\n    at parse (D:\\ashu\\node_modules\\body-parser\\lib\\types\\json.js:92:19)\n    at D:\\ashu\\node_modules\\body-parser\\lib\\read.js:128:18\n    at AsyncResource.runInAsyncScope (node:async_hooks:203:9)\n    at invokeCallback (D:\\ashu\\node_modules\\raw-body\\index.js:238:16)\n    at done (D:\\ashu\\node_modules\\raw-body\\index.js:227:7)\n    at IncomingMessage.onEnd (D:\\ashu\\node_modules\\raw-body\\index.js:287:7)\n    at IncomingMessage.emit (node:events:517:28)\n    at endReadableNT (node:internal/streams/readable:1400:12)\n    at process.processTicksAndRejections (node:internal/process/task_queues:82:21)","status":400,"statusCode":400,"timestamp":"2025-06-28 11:47:07","type":"entity.parse.failed"}
{"level":"info","message":"::1 - - [28/Jun/2025:06:17:45 +0000] \"POST /api/helmets HTTP/1.1\" 401 63 \"-\" \"-\"","service":"construction-monitoring","timestamp":"2025-06-28 11:47:45"}
{"code":"28P01","file":"auth.c","length":104,"level":"error","line":"324","message":"Failed to start server: password authentication failed for user \"postgres\"","name":"error","routine":"auth_failed","service":"construction-monitoring","severity":"FATAL","stack":"error: password authentication failed for user \"postgres\"\n    at D:\\ashu\\node_modules\\pg-pool\\index.js:45:11\n    at process.processTicksAndRejections (node:internal/process/task_queues:95:5)\n    at async Server.<anonymous> (D:\\ashu\\server.js:139:5)","timestamp":"2025-06-28 11:48:16"}
{"level":"info","message":"Connected to PostgreSQL database","service":"construction-monitoring","timestamp":"2025-06-28 11:48:33"}
{"level":"info","message":"Database connected successfully","service":"construction-monitoring","timestamp":"2025-06-28 11:48:33"}
{"level":"info","message":"Backend server running on port 3000","service":"construction-monitoring","timestamp":"2025-06-28 11:48:33"}
{"level":"info","message":"Frontend expected on: http://localhost:4028","service":"construction-monitoring","timestamp":"2025-06-28 11:48:33"}
{"level":"info","message":"Environment: development","service":"construction-monitoring","timestamp":"2025-06-28 11:48:33"}
{"level":"info","message":"Helmet created: HELMET_API_TEST_001","service":"construction-monitoring","timestamp":"2025-06-28 11:48:43"}
{"level":"info","message":"::1 - - [28/Jun/2025:06:18:43 +0000] \"POST /api/helmets HTTP/1.1\" 201 277 \"-\" \"-\"","service":"construction-monitoring","timestamp":"2025-06-28 11:48:43"}
{"level":"info","message":"::1 - - [28/Jun/2025:06:19:29 +0000] \"GET /api/helmets HTTP/1.1\" 401 63 \"http://localhost:4028/\" \"Mozilla/5.0 (Windows NT 10.0; Win64; x64) AppleWebKit/537.36 (KHTML, like Gecko) Chrome/138.0.0.0 Safari/537.36\"","service":"construction-monitoring","timestamp":"2025-06-28 11:49:29"}
{"level":"info","message":"Frontend connected: xYyM712-HRPVDOijAAAB","service":"construction-monitoring","timestamp":"2025-06-28 11:49:30"}
{"level":"info","message":"Frontend xYyM712-HRPVDOijAAAB subscribed to helmet updates","service":"construction-monitoring","timestamp":"2025-06-28 11:49:30"}
{"level":"info","message":"Frontend xYyM712-HRPVDOijAAAB subscribed to helmet updates","service":"construction-monitoring","timestamp":"2025-06-28 11:49:30"}
{"level":"info","message":"::1 - - [28/Jun/2025:06:19:39 +0000] \"GET /api/helmets/available HTTP/1.1\" 401 63 \"http://localhost:4028/\" \"Mozilla/5.0 (Windows NT 10.0; Win64; x64) AppleWebKit/537.36 (KHTML, like Gecko) Chrome/138.0.0.0 Safari/537.36\"","service":"construction-monitoring","timestamp":"2025-06-28 11:49:39"}
{"level":"info","message":"::1 - - [28/Jun/2025:06:19:39 +0000] \"GET /api/workers HTTP/1.1\" 401 63 \"http://localhost:4028/\" \"Mozilla/5.0 (Windows NT 10.0; Win64; x64) AppleWebKit/537.36 (KHTML, like Gecko) Chrome/138.0.0.0 Safari/537.36\"","service":"construction-monitoring","timestamp":"2025-06-28 11:49:39"}
{"level":"info","message":"::1 - - [28/Jun/2025:06:19:39 +0000] \"GET /api/helmets/available HTTP/1.1\" 401 63 \"http://localhost:4028/\" \"Mozilla/5.0 (Windows NT 10.0; Win64; x64) AppleWebKit/537.36 (KHTML, like Gecko) Chrome/138.0.0.0 Safari/537.36\"","service":"construction-monitoring","timestamp":"2025-06-28 11:49:39"}
{"level":"info","message":"::1 - - [28/Jun/2025:06:19:39 +0000] \"GET /api/workers HTTP/1.1\" 401 63 \"http://localhost:4028/\" \"Mozilla/5.0 (Windows NT 10.0; Win64; x64) AppleWebKit/537.36 (KHTML, like Gecko) Chrome/138.0.0.0 Safari/537.36\"","service":"construction-monitoring","timestamp":"2025-06-28 11:49:39"}
{"level":"info","message":"::1 - - [28/Jun/2025:06:19:46 +0000] \"POST /api/helmets HTTP/1.1\" 400 49 \"http://localhost:4028/\" \"Mozilla/5.0 (Windows NT 10.0; Win64; x64) AppleWebKit/537.36 (KHTML, like Gecko) Chrome/138.0.0.0 Safari/537.36\"","service":"construction-monitoring","timestamp":"2025-06-28 11:49:46"}
{"level":"info","message":"::1 - - [28/Jun/2025:06:19:50 +0000] \"POST /api/helmets HTTP/1.1\" 400 49 \"http://localhost:4028/\" \"Mozilla/5.0 (Windows NT 10.0; Win64; x64) AppleWebKit/537.36 (KHTML, like Gecko) Chrome/138.0.0.0 Safari/537.36\"","service":"construction-monitoring","timestamp":"2025-06-28 11:49:50"}
{"level":"info","message":"::1 - - [28/Jun/2025:06:19:51 +0000] \"POST /api/helmets HTTP/1.1\" 400 49 \"http://localhost:4028/\" \"Mozilla/5.0 (Windows NT 10.0; Win64; x64) AppleWebKit/537.36 (KHTML, like Gecko) Chrome/138.0.0.0 Safari/537.36\"","service":"construction-monitoring","timestamp":"2025-06-28 11:49:51"}
{"level":"info","message":"::1 - - [28/Jun/2025:06:19:51 +0000] \"POST /api/helmets HTTP/1.1\" 400 49 \"http://localhost:4028/\" \"Mozilla/5.0 (Windows NT 10.0; Win64; x64) AppleWebKit/537.36 (KHTML, like Gecko) Chrome/138.0.0.0 Safari/537.36\"","service":"construction-monitoring","timestamp":"2025-06-28 11:49:51"}
{"level":"info","message":"::1 - - [28/Jun/2025:06:19:51 +0000] \"POST /api/helmets HTTP/1.1\" 400 49 \"http://localhost:4028/\" \"Mozilla/5.0 (Windows NT 10.0; Win64; x64) AppleWebKit/537.36 (KHTML, like Gecko) Chrome/138.0.0.0 Safari/537.36\"","service":"construction-monitoring","timestamp":"2025-06-28 11:49:51"}
{"level":"info","message":"::1 - - [28/Jun/2025:06:19:51 +0000] \"POST /api/helmets HTTP/1.1\" 400 49 \"http://localhost:4028/\" \"Mozilla/5.0 (Windows NT 10.0; Win64; x64) AppleWebKit/537.36 (KHTML, like Gecko) Chrome/138.0.0.0 Safari/537.36\"","service":"construction-monitoring","timestamp":"2025-06-28 11:49:51"}
{"level":"info","message":"::1 - - [28/Jun/2025:06:19:51 +0000] \"POST /api/helmets HTTP/1.1\" 400 49 \"http://localhost:4028/\" \"Mozilla/5.0 (Windows NT 10.0; Win64; x64) AppleWebKit/537.36 (KHTML, like Gecko) Chrome/138.0.0.0 Safari/537.36\"","service":"construction-monitoring","timestamp":"2025-06-28 11:49:51"}
{"level":"info","message":"::1 - - [28/Jun/2025:06:19:51 +0000] \"POST /api/helmets HTTP/1.1\" 400 49 \"http://localhost:4028/\" \"Mozilla/5.0 (Windows NT 10.0; Win64; x64) AppleWebKit/537.36 (KHTML, like Gecko) Chrome/138.0.0.0 Safari/537.36\"","service":"construction-monitoring","timestamp":"2025-06-28 11:49:51"}
{"level":"info","message":"::1 - - [28/Jun/2025:06:20:56 +0000] \"POST /api/helmets HTTP/1.1\" 400 49 \"http://localhost:4028/\" \"Mozilla/5.0 (Windows NT 10.0; Win64; x64) AppleWebKit/537.36 (KHTML, like Gecko) Chrome/138.0.0.0 Safari/537.36\"","service":"construction-monitoring","timestamp":"2025-06-28 11:50:56"}
{"level":"info","message":"Connected to PostgreSQL database","service":"construction-monitoring","timestamp":"2025-06-28 11:51:05"}
{"level":"info","message":"Database connected successfully","service":"construction-monitoring","timestamp":"2025-06-28 11:51:05"}
{"level":"info","message":"Backend server running on port 3000","service":"construction-monitoring","timestamp":"2025-06-28 11:51:05"}
{"level":"info","message":"Frontend expected on: http://localhost:4028","service":"construction-monitoring","timestamp":"2025-06-28 11:51:05"}
{"level":"info","message":"Environment: development","service":"construction-monitoring","timestamp":"2025-06-28 11:51:05"}
{"level":"info","message":"Frontend connected: A7Xa3dnq3l67PhEaAAAB","service":"construction-monitoring","timestamp":"2025-06-28 11:51:05"}
{"level":"info","message":"Connected to PostgreSQL database","service":"construction-monitoring","timestamp":"2025-06-28 11:51:21"}
{"level":"info","message":"Database connected successfully","service":"construction-monitoring","timestamp":"2025-06-28 11:51:21"}
{"level":"info","message":"Backend server running on port 3000","service":"construction-monitoring","timestamp":"2025-06-28 11:51:21"}
{"level":"info","message":"Frontend expected on: http://localhost:4028","service":"construction-monitoring","timestamp":"2025-06-28 11:51:21"}
{"level":"info","message":"Environment: development","service":"construction-monitoring","timestamp":"2025-06-28 11:51:21"}
{"level":"info","message":"Frontend connected: 4R_lGPc1cMvtq2onAAAB","service":"construction-monitoring","timestamp":"2025-06-28 11:51:21"}
{"level":"info","message":"::1 - - [28/Jun/2025:06:21:52 +0000] \"POST /api/helmets HTTP/1.1\" 401 63 \"http://localhost:4028/\" \"Mozilla/5.0 (Windows NT 10.0; Win64; x64) AppleWebKit/537.36 (KHTML, like Gecko) Chrome/138.0.0.0 Safari/537.36\"","service":"construction-monitoring","timestamp":"2025-06-28 11:51:52"}
{"level":"info","message":"Frontend disconnected: 4R_lGPc1cMvtq2onAAAB","service":"construction-monitoring","timestamp":"2025-06-28 11:52:04"}
{"level":"info","message":"::1 - - [28/Jun/2025:06:22:07 +0000] \"GET /api/helmets/available HTTP/1.1\" 401 63 \"http://localhost:4028/\" \"Mozilla/5.0 (Windows NT 10.0; Win64; x64) AppleWebKit/537.36 (KHTML, like Gecko) Chrome/138.0.0.0 Safari/537.36\"","service":"construction-monitoring","timestamp":"2025-06-28 11:52:07"}
{"level":"info","message":"::1 - - [28/Jun/2025:06:22:07 +0000] \"GET /api/workers HTTP/1.1\" 401 63 \"http://localhost:4028/\" \"Mozilla/5.0 (Windows NT 10.0; Win64; x64) AppleWebKit/537.36 (KHTML, like Gecko) Chrome/138.0.0.0 Safari/537.36\"","service":"construction-monitoring","timestamp":"2025-06-28 11:52:07"}
{"code":"28P01","file":"auth.c","length":104,"level":"error","line":"324","message":"Failed to start server: password authentication failed for user \"postgres\"","name":"error","routine":"auth_failed","service":"construction-monitoring","severity":"FATAL","stack":"error: password authentication failed for user \"postgres\"\n    at D:\\ashu\\node_modules\\pg-pool\\index.js:45:11\n    at process.processTicksAndRejections (node:internal/process/task_queues:95:5)\n    at async Server.<anonymous> (D:\\ashu\\server.js:139:5)","timestamp":"2025-06-28 11:54:05"}
{"code":"28P01","file":"auth.c","length":104,"level":"error","line":"324","message":"Failed to start server: password authentication failed for user \"postgres\"","name":"error","routine":"auth_failed","service":"construction-monitoring","severity":"FATAL","stack":"error: password authentication failed for user \"postgres\"\n    at D:\\ashu\\node_modules\\pg-pool\\index.js:45:11\n    at process.processTicksAndRejections (node:internal/process/task_queues:95:5)\n    at async Server.<anonymous> (D:\\ashu\\server.js:139:5)","timestamp":"2025-06-28 11:55:23"}
{"level":"info","message":"Connected to PostgreSQL database","service":"construction-monitoring","timestamp":"2025-06-28 11:55:31"}
{"level":"info","message":"Database connected successfully","service":"construction-monitoring","timestamp":"2025-06-28 11:55:31"}
{"level":"info","message":"Backend server running on port 3000","service":"construction-monitoring","timestamp":"2025-06-28 11:55:31"}
{"level":"info","message":"Frontend expected on: http://localhost:4028","service":"construction-monitoring","timestamp":"2025-06-28 11:55:31"}
{"level":"info","message":"Environment: development","service":"construction-monitoring","timestamp":"2025-06-28 11:55:31"}
{"level":"error","message":"Auth middleware error: jwt malformed","name":"JsonWebTokenError","service":"construction-monitoring","stack":"JsonWebTokenError: jwt malformed\n    at module.exports [as verify] (D:\\ashu\\node_modules\\jsonwebtoken\\verify.js:70:17)\n    at protect (D:\\ashu\\middleware\\auth.js:21:25)\n    at Layer.handle [as handle_request] (D:\\ashu\\node_modules\\express\\lib\\router\\layer.js:95:5)\n    at next (D:\\ashu\\node_modules\\express\\lib\\router\\route.js:149:13)\n    at Route.dispatch (D:\\ashu\\node_modules\\express\\lib\\router\\route.js:119:3)\n    at Layer.handle [as handle_request] (D:\\ashu\\node_modules\\express\\lib\\router\\layer.js:95:5)\n    at D:\\ashu\\node_modules\\express\\lib\\router\\index.js:284:15\n    at param (D:\\ashu\\node_modules\\express\\lib\\router\\index.js:365:14)\n    at param (D:\\ashu\\node_modules\\express\\lib\\router\\index.js:376:14)\n    at Function.process_params (D:\\ashu\\node_modules\\express\\lib\\router\\index.js:421:3)","timestamp":"2025-06-28 11:56:39"}
{"level":"info","message":"::1 - - [28/Jun/2025:06:26:39 +0000] \"GET /api/helmets/available HTTP/1.1\" 401 63 \"http://localhost:4028/\" \"Mozilla/5.0 (Windows NT 10.0; Win64; x64) AppleWebKit/537.36 (KHTML, like Gecko) Chrome/138.0.0.0 Safari/537.36\"","service":"construction-monitoring","timestamp":"2025-06-28 11:56:39"}
{"level":"error","message":"Auth middleware error: jwt malformed","name":"JsonWebTokenError","service":"construction-monitoring","stack":"JsonWebTokenError: jwt malformed\n    at module.exports [as verify] (D:\\ashu\\node_modules\\jsonwebtoken\\verify.js:70:17)\n    at protect (D:\\ashu\\middleware\\auth.js:21:25)\n    at Layer.handle [as handle_request] (D:\\ashu\\node_modules\\express\\lib\\router\\layer.js:95:5)\n    at next (D:\\ashu\\node_modules\\express\\lib\\router\\route.js:149:13)\n    at Route.dispatch (D:\\ashu\\node_modules\\express\\lib\\router\\route.js:119:3)\n    at Layer.handle [as handle_request] (D:\\ashu\\node_modules\\express\\lib\\router\\layer.js:95:5)\n    at D:\\ashu\\node_modules\\express\\lib\\router\\index.js:284:15\n    at Function.process_params (D:\\ashu\\node_modules\\express\\lib\\router\\index.js:346:12)\n    at next (D:\\ashu\\node_modules\\express\\lib\\router\\index.js:280:10)\n    at Function.handle (D:\\ashu\\node_modules\\express\\lib\\router\\index.js:175:3)","timestamp":"2025-06-28 11:56:39"}
{"level":"info","message":"::1 - - [28/Jun/2025:06:26:39 +0000] \"GET /api/workers HTTP/1.1\" 401 63 \"http://localhost:4028/\" \"Mozilla/5.0 (Windows NT 10.0; Win64; x64) AppleWebKit/537.36 (KHTML, like Gecko) Chrome/138.0.0.0 Safari/537.36\"","service":"construction-monitoring","timestamp":"2025-06-28 11:56:39"}
{"level":"info","message":"Connected to PostgreSQL database","service":"construction-monitoring","timestamp":"2025-06-28 11:56:50"}
{"level":"info","message":"Helmet created: h1","service":"construction-monitoring","timestamp":"2025-06-28 11:56:50"}
{"level":"info","message":"::1 - - [28/Jun/2025:06:26:50 +0000] \"POST /api/helmets HTTP/1.1\" 201 251 \"http://localhost:4028/\" \"Mozilla/5.0 (Windows NT 10.0; Win64; x64) AppleWebKit/537.36 (KHTML, like Gecko) Chrome/138.0.0.0 Safari/537.36\"","service":"construction-monitoring","timestamp":"2025-06-28 11:56:50"}
{"level":"error","message":"Auth middleware error: jwt malformed","name":"JsonWebTokenError","service":"construction-monitoring","stack":"JsonWebTokenError: jwt malformed\n    at module.exports [as verify] (D:\\ashu\\node_modules\\jsonwebtoken\\verify.js:70:17)\n    at protect (D:\\ashu\\middleware\\auth.js:21:25)\n    at Layer.handle [as handle_request] (D:\\ashu\\node_modules\\express\\lib\\router\\layer.js:95:5)\n    at next (D:\\ashu\\node_modules\\express\\lib\\router\\route.js:149:13)\n    at Route.dispatch (D:\\ashu\\node_modules\\express\\lib\\router\\route.js:119:3)\n    at Layer.handle [as handle_request] (D:\\ashu\\node_modules\\express\\lib\\router\\layer.js:95:5)\n    at D:\\ashu\\node_modules\\express\\lib\\router\\index.js:284:15\n    at param (D:\\ashu\\node_modules\\express\\lib\\router\\index.js:365:14)\n    at param (D:\\ashu\\node_modules\\express\\lib\\router\\index.js:376:14)\n    at Function.process_params (D:\\ashu\\node_modules\\express\\lib\\router\\index.js:421:3)","timestamp":"2025-06-28 11:56:50"}
{"level":"info","message":"::1 - - [28/Jun/2025:06:26:50 +0000] \"GET /api/helmets/available HTTP/1.1\" 401 63 \"http://localhost:4028/\" \"Mozilla/5.0 (Windows NT 10.0; Win64; x64) AppleWebKit/537.36 (KHTML, like Gecko) Chrome/138.0.0.0 Safari/537.36\"","service":"construction-monitoring","timestamp":"2025-06-28 11:56:50"}
{"level":"error","message":"Auth middleware error: jwt malformed","name":"JsonWebTokenError","service":"construction-monitoring","stack":"JsonWebTokenError: jwt malformed\n    at module.exports [as verify] (D:\\ashu\\node_modules\\jsonwebtoken\\verify.js:70:17)\n    at protect (D:\\ashu\\middleware\\auth.js:21:25)\n    at Layer.handle [as handle_request] (D:\\ashu\\node_modules\\express\\lib\\router\\layer.js:95:5)\n    at next (D:\\ashu\\node_modules\\express\\lib\\router\\route.js:149:13)\n    at Route.dispatch (D:\\ashu\\node_modules\\express\\lib\\router\\route.js:119:3)\n    at Layer.handle [as handle_request] (D:\\ashu\\node_modules\\express\\lib\\router\\layer.js:95:5)\n    at D:\\ashu\\node_modules\\express\\lib\\router\\index.js:284:15\n    at Function.process_params (D:\\ashu\\node_modules\\express\\lib\\router\\index.js:346:12)\n    at next (D:\\ashu\\node_modules\\express\\lib\\router\\index.js:280:10)\n    at Function.handle (D:\\ashu\\node_modules\\express\\lib\\router\\index.js:175:3)","timestamp":"2025-06-28 11:56:50"}
{"level":"info","message":"::1 - - [28/Jun/2025:06:26:50 +0000] \"GET /api/workers HTTP/1.1\" 401 63 \"http://localhost:4028/\" \"Mozilla/5.0 (Windows NT 10.0; Win64; x64) AppleWebKit/537.36 (KHTML, like Gecko) Chrome/138.0.0.0 Safari/537.36\"","service":"construction-monitoring","timestamp":"2025-06-28 11:56:50"}
{"level":"error","message":"Auth middleware error: jwt malformed","name":"JsonWebTokenError","service":"construction-monitoring","stack":"JsonWebTokenError: jwt malformed\n    at module.exports [as verify] (D:\\ashu\\node_modules\\jsonwebtoken\\verify.js:70:17)\n    at protect (D:\\ashu\\middleware\\auth.js:21:25)\n    at Layer.handle [as handle_request] (D:\\ashu\\node_modules\\express\\lib\\router\\layer.js:95:5)\n    at next (D:\\ashu\\node_modules\\express\\lib\\router\\route.js:149:13)\n    at Route.dispatch (D:\\ashu\\node_modules\\express\\lib\\router\\route.js:119:3)\n    at Layer.handle [as handle_request] (D:\\ashu\\node_modules\\express\\lib\\router\\layer.js:95:5)\n    at D:\\ashu\\node_modules\\express\\lib\\router\\index.js:284:15\n    at Function.process_params (D:\\ashu\\node_modules\\express\\lib\\router\\index.js:346:12)\n    at next (D:\\ashu\\node_modules\\express\\lib\\router\\index.js:280:10)\n    at Function.handle (D:\\ashu\\node_modules\\express\\lib\\router\\index.js:175:3)","timestamp":"2025-06-28 11:57:03"}
{"level":"info","message":"::1 - - [28/Jun/2025:06:27:03 +0000] \"GET /api/helmets HTTP/1.1\" 401 63 \"http://localhost:4028/\" \"Mozilla/5.0 (Windows NT 10.0; Win64; x64) AppleWebKit/537.36 (KHTML, like Gecko) Chrome/138.0.0.0 Safari/537.36\"","service":"construction-monitoring","timestamp":"2025-06-28 11:57:03"}
{"level":"info","message":"Frontend connected: DRUN54YOiM7EHJZ0AAAB","service":"construction-monitoring","timestamp":"2025-06-28 11:57:03"}
{"level":"error","message":"Auth middleware error: jwt malformed","name":"JsonWebTokenError","service":"construction-monitoring","stack":"JsonWebTokenError: jwt malformed\n    at module.exports [as verify] (D:\\ashu\\node_modules\\jsonwebtoken\\verify.js:70:17)\n    at protect (D:\\ashu\\middleware\\auth.js:21:25)\n    at Layer.handle [as handle_request] (D:\\ashu\\node_modules\\express\\lib\\router\\layer.js:95:5)\n    at next (D:\\ashu\\node_modules\\express\\lib\\router\\route.js:149:13)\n    at Route.dispatch (D:\\ashu\\node_modules\\express\\lib\\router\\route.js:119:3)\n    at Layer.handle [as handle_request] (D:\\ashu\\node_modules\\express\\lib\\router\\layer.js:95:5)\n    at D:\\ashu\\node_modules\\express\\lib\\router\\index.js:284:15\n    at Function.process_params (D:\\ashu\\node_modules\\express\\lib\\router\\index.js:346:12)\n    at next (D:\\ashu\\node_modules\\express\\lib\\router\\index.js:280:10)\n    at Function.handle (D:\\ashu\\node_modules\\express\\lib\\router\\index.js:175:3)","timestamp":"2025-06-28 11:57:03"}
{"level":"info","message":"::1 - - [28/Jun/2025:06:27:03 +0000] \"GET /api/helmets HTTP/1.1\" 401 63 \"http://localhost:4028/\" \"Mozilla/5.0 (Windows NT 10.0; Win64; x64) AppleWebKit/537.36 (KHTML, like Gecko) Chrome/138.0.0.0 Safari/537.36\"","service":"construction-monitoring","timestamp":"2025-06-28 11:57:03"}
{"level":"info","message":"Frontend DRUN54YOiM7EHJZ0AAAB subscribed to helmet updates","service":"construction-monitoring","timestamp":"2025-06-28 11:57:03"}
{"level":"info","message":"Frontend connected: D6z8vOTPpvBBpUW3AAAD","service":"construction-monitoring","timestamp":"2025-06-28 11:57:03"}
{"level":"info","message":"Frontend D6z8vOTPpvBBpUW3AAAD subscribed to helmet updates","service":"construction-monitoring","timestamp":"2025-06-28 11:57:03"}
{"level":"info","message":"Frontend D6z8vOTPpvBBpUW3AAAD subscribed to helmet updates","service":"construction-monitoring","timestamp":"2025-06-28 11:57:03"}
{"level":"info","message":"Frontend D6z8vOTPpvBBpUW3AAAD subscribed to helmet updates","service":"construction-monitoring","timestamp":"2025-06-28 11:57:03"}
{"level":"info","message":"Connected to PostgreSQL database","service":"construction-monitoring","timestamp":"2025-06-28 12:05:20"}
{"level":"info","message":"Database connected successfully","service":"construction-monitoring","timestamp":"2025-06-28 12:05:20"}
{"level":"info","message":"Backend server running on port 3000","service":"construction-monitoring","timestamp":"2025-06-28 12:05:20"}
{"level":"info","message":"Frontend expected on: http://localhost:4028","service":"construction-monitoring","timestamp":"2025-06-28 12:05:20"}
{"level":"info","message":"Environment: development","service":"construction-monitoring","timestamp":"2025-06-28 12:05:20"}
